<?xml version="1.0" encoding="UTF-8"?>
<!-- Generated by org.testng.reporters.JUnitReportReporter -->
<testsuite hostname="DESKTOP-82I9HN1" failures="0" tests="3" name="testNg_practice.SampleTest" time="0.036" errors="0" timestamp="2025-06-27T08:06:47 IST" skipped="1">
  <testcase classname="testNg_practice.SampleTest" name="modifyProduct" time="0.031"/>
  <testcase classname="testNg_practice.SampleTest" name="deleteProduct" time="0.005"/>
  <testcase classname="testNg_practice.SampleTest" name="createProduct">
    <skipped/>
  </testcase> <!-- createProduct -->
</testsuite> <!-- testNg_practice.SampleTest -->
