<?xml version="1.0" encoding="UTF-8"?>
<!-- Generated by org.testng.reporters.JUnitReportReporter -->
<testsuite hostname="DESKTOP-82I9HN1" failures="0" tests="3" name="testNg_practice.DataProviderEx1" time="0.037" errors="0" timestamp="2025-06-28T08:03:52 IST" skipped="0">
  <testcase classname="testNg_practice.DataProviderEx1" name="booktickets" time="0.005"/>
  <testcase classname="testNg_practice.DataProviderEx1" name="booktickets" time="0.029"/>
  <testcase classname="testNg_practice.DataProviderEx1" name="booktickets" time="0.003"/>
</testsuite> <!-- testNg_practice.DataProviderEx1 -->
