<?xml version="1.0" encoding="UTF-8"?>
<!-- Generated by org.testng.reporters.JUnitReportReporter -->
<testsuite hostname="DESKTOP-82I9HN1" failures="0" tests="1" name="campaigns.create_product_in_campaignTest" time="20.556" errors="0" timestamp="2025-07-08T08:09:21 IST" skipped="0">
  <testcase classname="campaigns.create_product_in_campaignTest" name="create_product_in_campaignTest" time="20.556"/>
</testsuite> <!-- campaigns.create_product_in_campaignTest -->
