<?xml version="1.0" encoding="UTF-8"?>
<!-- Generated by org.testng.reporters.JUnitReportReporter -->
<testsuite hostname="DESKTOP-82I9HN1" failures="0" tests="1" name="product.CreateProductAndDeleteTest" time="16.681" errors="0" timestamp="2025-07-08T08:13:32 IST" skipped="0">
  <testcase classname="product.CreateProductAndDeleteTest" name="CreateProductAndDeleteTest" time="16.681"/>
</testsuite> <!-- product.CreateProductAndDeleteTest -->
