<?xml version="1.0" encoding="UTF-8"?>
<!-- Generated by org.testng.reporters.JUnitReportReporter -->
<testsuite hostname="DESKTOP-82I9HN1" failures="0" tests="1" name="campaigns.Create_CampaignTest" time="14.125" errors="0" timestamp="2025-07-08T08:03:17 IST" skipped="0">
  <testcase classname="campaigns.Create_CampaignTest" name="Create_CampaignTest" time="14.125"/>
</testsuite> <!-- campaigns.Create_CampaignTest -->
