<?xml version="1.0" encoding="UTF-8"?>
<!-- Generated by org.testng.reporters.JUnitReportReporter -->
<testsuite hostname="DESKTOP-82I9HN1" failures="0" tests="1" name="product.Create_ProductTest" time="12.885" errors="0" timestamp="2025-07-08T08:12:54 IST" skipped="0">
  <testcase classname="product.Create_ProductTest" name="Create_ProductTest" time="12.885"/>
</testsuite> <!-- product.Create_ProductTest -->
