<?xml version="1.0" encoding="UTF-8"?>
<!-- Generated by org.testng.reporters.JUnitReportReporter -->
<testsuite hostname="DESKTOP-82I9HN1" failures="0" tests="1" name="organization.Create_OrganizationTest" time="27.249" errors="0" timestamp="2025-07-08T11:04:58 IST" skipped="0">
  <testcase classname="organization.Create_OrganizationTest" name="Create_OrganizationTest" time="27.249"/>
</testsuite> <!-- organization.Create_OrganizationTest -->
