<?xml version="1.0" encoding="UTF-8"?>
<!-- Generated by org.testng.reporters.JUnitReportReporter -->
<testsuite hostname="DESKTOP-82I9HN1" failures="0" tests="1" name="Contacts.Create_ContactTest" time="13.819" errors="0" timestamp="2025-07-08T08:10:01 IST" skipped="0">
  <testcase classname="Contacts.Create_ContactTest" name="Create_ContactTest" time="13.819"/>
</testsuite> <!-- Contacts.Create_ContactTest -->
